<?xml version="1.0" encoding="UTF-8"?>
<coverage generated="1711626942277" clover="3.2.0">
  <project timestamp="1711626942277" name="All files">
    <metrics statements="28" coveredstatements="27" conditionals="12" coveredconditionals="8" methods="12" coveredmethods="11" elements="52" coveredelements="46" complexity="0" loc="28" ncloc="28" packages="2" files="4" classes="4"/>
    <package name="Components">
      <metrics statements="27" coveredstatements="26" conditionals="12" coveredconditionals="8" methods="12" coveredmethods="11"/>
      <file name="Cart.jsx" path="D:\React\Namaste-React\FoodOrdering-App\src\Components\Cart.jsx">
        <metrics statements="6" coveredstatements="6" conditionals="2" coveredconditionals="2" methods="3" coveredmethods="3"/>
        <line num="5" count="1" type="stmt"/>
        <line num="6" count="6" type="stmt"/>
        <line num="7" count="3" type="stmt"/>
        <line num="9" count="3" type="cond" truecount="2" falsecount="0"/>
        <line num="11" count="1" type="stmt"/>
        <line num="16" count="1" type="stmt"/>
      </file>
      <file name="Header.jsx" path="D:\React\Namaste-React\FoodOrdering-App\src\Components\Header.jsx">
        <metrics statements="7" coveredstatements="6" conditionals="4" coveredconditionals="1" methods="3" coveredmethods="2"/>
        <line num="9" count="1" type="stmt"/>
        <line num="10" count="3" type="stmt"/>
        <line num="11" count="3" type="stmt"/>
        <line num="12" count="3" type="stmt"/>
        <line num="16" count="6" type="stmt"/>
        <line num="18" count="3" type="stmt"/>
        <line num="34" count="0" type="cond" truecount="0" falsecount="2"/>
      </file>
      <file name="RestMenu.jsx" path="D:\React\Namaste-React\FoodOrdering-App\src\Components\RestMenu.jsx">
        <metrics statements="14" coveredstatements="14" conditionals="6" coveredconditionals="5" methods="6" coveredmethods="6"/>
        <line num="7" count="1" type="stmt"/>
        <line num="8" count="3" type="stmt"/>
        <line num="9" count="3" type="stmt"/>
        <line num="10" count="3" type="stmt"/>
        <line num="12" count="3" type="cond" truecount="2" falsecount="0"/>
        <line num="15" count="2" type="stmt"/>
        <line num="18" count="2" type="stmt"/>
        <line num="24" count="2" type="stmt"/>
        <line num="26" count="26" type="stmt"/>
        <line num="30" count="2" type="stmt"/>
        <line num="31" count="1" type="cond" truecount="1" falsecount="1"/>
        <line num="36" count="2" type="stmt"/>
        <line num="43" count="20" type="stmt"/>
        <line num="46" count="1" type="stmt"/>
      </file>
    </package>
    <package name="Utils">
      <metrics statements="1" coveredstatements="1" conditionals="0" coveredconditionals="0" methods="0" coveredmethods="0"/>
      <file name="appStore.js" path="D:\React\Namaste-React\FoodOrdering-App\src\Utils\appStore.js">
        <metrics statements="1" coveredstatements="1" conditionals="0" coveredconditionals="0" methods="0" coveredmethods="0"/>
        <line num="5" count="1" type="stmt"/>
      </file>
    </package>
  </project>
</coverage>
