{"D:\\React\\Namaste-React\\FoodOrdering-App\\src\\Components\\Contact.jsx": {"path":"D:\\React\\Namaste-React\\FoodOrdering-App\\src\\Components\\Contact.jsx","statementMap":{"0":{"start":{"line":1,"column":16},"end":{"line":12,"column":1}},"1":{"start":{"line":2,"column":4},"end":{"line":11,"column":5}}},"fnMap":{"0":{"name":"(anonymous_0)","decl":{"start":{"line":1,"column":16},"end":{"line":1,"column":17}},"loc":{"start":{"line":1,"column":22},"end":{"line":12,"column":1}},"line":1}},"branchMap":{},"s":{"0":1,"1":4},"f":{"0":4},"b":{},"_coverageSchema":"1a1c01bbd47fc00a2c39e90264f33305004495a9","hash":"d935c79d0a28d5af90975682562ca0a78cfc5141"}
,"D:\\React\\Namaste-React\\FoodOrdering-App\\src\\Components\\sum.js": {"path":"D:\\React\\Namaste-React\\FoodOrdering-App\\src\\Components\\sum.js","statementMap":{"0":{"start":{"line":3,"column":18},"end":{"line":5,"column":1}},"1":{"start":{"line":4,"column":4},"end":{"line":4,"column":16}}},"fnMap":{"0":{"name":"(anonymous_0)","decl":{"start":{"line":3,"column":18},"end":{"line":3,"column":19}},"loc":{"start":{"line":3,"column":25},"end":{"line":5,"column":1}},"line":3}},"branchMap":{},"s":{"0":1,"1":1},"f":{"0":1},"b":{},"_coverageSchema":"1a1c01bbd47fc00a2c39e90264f33305004495a9","hash":"f907950d273c83fd498163044597beaaa2f1eabd"}
}
