{"D:\\React\\Namaste-React\\FoodOrdering-App\\src\\Components\\Cart.jsx": {"path":"D:\\React\\Namaste-React\\FoodOrdering-App\\src\\Components\\Cart.jsx","statementMap":{"0":{"start":{"line":5,"column":13},"end":{"line":23,"column":1}},"1":{"start":{"line":6,"column":20},"end":{"line":6,"column":60}},"2":{"start":{"line":6,"column":43},"end":{"line":6,"column":59}},"3":{"start":{"line":7,"column":19},"end":{"line":7,"column":32}},"4":{"start":{"line":9,"column":2},"end":{"line":9,"column":107}},"5":{"start":{"line":9,"column":28},"end":{"line":9,"column":107}},"6":{"start":{"line":11,"column":2},"end":{"line":22,"column":4}},"7":{"start":{"line":16,"column":96},"end":{"line":16,"column":117}}},"fnMap":{"0":{"name":"(anonymous_0)","decl":{"start":{"line":5,"column":13},"end":{"line":5,"column":14}},"loc":{"start":{"line":5,"column":19},"end":{"line":23,"column":1}},"line":5},"1":{"name":"(anonymous_1)","decl":{"start":{"line":6,"column":32},"end":{"line":6,"column":33}},"loc":{"start":{"line":6,"column":43},"end":{"line":6,"column":59}},"line":6},"2":{"name":"(anonymous_2)","decl":{"start":{"line":16,"column":92},"end":{"line":16,"column":93}},"loc":{"start":{"line":16,"column":96},"end":{"line":16,"column":117}},"line":16}},"branchMap":{"0":{"loc":{"start":{"line":9,"column":2},"end":{"line":9,"column":107}},"type":"if","locations":[{"start":{"line":9,"column":2},"end":{"line":9,"column":107}},{"start":{},"end":{}}],"line":9}},"s":{"0":1,"1":2,"2":4,"3":2,"4":2,"5":1,"6":1,"7":0},"f":{"0":2,"1":4,"2":0},"b":{"0":[1,1]},"_coverageSchema":"1a1c01bbd47fc00a2c39e90264f33305004495a9","hash":"e48436cff2eb08f1b5c57b7173eaf5c4104119a0"}
,"D:\\React\\Namaste-React\\FoodOrdering-App\\src\\Components\\Contact.jsx": {"path":"D:\\React\\Namaste-React\\FoodOrdering-App\\src\\Components\\Contact.jsx","statementMap":{"0":{"start":{"line":1,"column":16},"end":{"line":12,"column":1}},"1":{"start":{"line":2,"column":4},"end":{"line":11,"column":5}}},"fnMap":{"0":{"name":"(anonymous_0)","decl":{"start":{"line":1,"column":16},"end":{"line":1,"column":17}},"loc":{"start":{"line":1,"column":22},"end":{"line":12,"column":1}},"line":1}},"branchMap":{},"s":{"0":1,"1":4},"f":{"0":4},"b":{},"_coverageSchema":"1a1c01bbd47fc00a2c39e90264f33305004495a9","hash":"d935c79d0a28d5af90975682562ca0a78cfc5141"}
,"D:\\React\\Namaste-React\\FoodOrdering-App\\src\\Components\\Header.jsx": {"path":"D:\\React\\Namaste-React\\FoodOrdering-App\\src\\Components\\Header.jsx","statementMap":{"0":{"start":{"line":9,"column":15},"end":{"line":44,"column":1}},"1":{"start":{"line":10,"column":32},"end":{"line":10,"column":49}},"2":{"start":{"line":11,"column":23},"end":{"line":11,"column":40}},"3":{"start":{"line":12,"column":25},"end":{"line":12,"column":48}},"4":{"start":{"line":16,"column":15},"end":{"line":16,"column":53}},"5":{"start":{"line":16,"column":36},"end":{"line":16,"column":52}},"6":{"start":{"line":18,"column":2},"end":{"line":43,"column":4}},"7":{"start":{"line":34,"column":14},"end":{"line":34,"column":78}}},"fnMap":{"0":{"name":"(anonymous_0)","decl":{"start":{"line":9,"column":15},"end":{"line":9,"column":16}},"loc":{"start":{"line":9,"column":21},"end":{"line":44,"column":1}},"line":9},"1":{"name":"(anonymous_1)","decl":{"start":{"line":16,"column":27},"end":{"line":16,"column":28}},"loc":{"start":{"line":16,"column":36},"end":{"line":16,"column":52}},"line":16},"2":{"name":"(anonymous_2)","decl":{"start":{"line":33,"column":21},"end":{"line":33,"column":22}},"loc":{"start":{"line":33,"column":27},"end":{"line":35,"column":13}},"line":33}},"branchMap":{"0":{"loc":{"start":{"line":25,"column":46},"end":{"line":25,"column":71}},"type":"cond-expr","locations":[{"start":{"line":25,"column":61},"end":{"line":25,"column":65}},{"start":{"line":25,"column":67},"end":{"line":25,"column":71}}],"line":25},"1":{"loc":{"start":{"line":34,"column":14},"end":{"line":34,"column":77}},"type":"cond-expr","locations":[{"start":{"line":34,"column":35},"end":{"line":34,"column":55}},{"start":{"line":34,"column":58},"end":{"line":34,"column":77}}],"line":34}},"s":{"0":1,"1":2,"2":2,"3":2,"4":2,"5":4,"6":2,"7":0},"f":{"0":2,"1":4,"2":0},"b":{"0":[2,0],"1":[0,0]},"_coverageSchema":"1a1c01bbd47fc00a2c39e90264f33305004495a9","hash":"614baf2f14a74f36e3a9160fb9ea33e5d07b1c74"}
,"D:\\React\\Namaste-React\\FoodOrdering-App\\src\\Components\\ItemList.jsx": {"path":"D:\\React\\Namaste-React\\FoodOrdering-App\\src\\Components\\ItemList.jsx","statementMap":{"0":{"start":{"line":8,"column":17},"end":{"line":61,"column":1}},"1":{"start":{"line":11,"column":2},"end":{"line":11,"column":39}},"2":{"start":{"line":11,"column":26},"end":{"line":11,"column":39}},"3":{"start":{"line":13,"column":18},"end":{"line":15,"column":3}},"4":{"start":{"line":16,"column":19},"end":{"line":16,"column":32}},"5":{"start":{"line":19,"column":2},"end":{"line":60,"column":4}},"6":{"start":{"line":23,"column":10},"end":{"line":56,"column":16}},"7":{"start":{"line":42,"column":103},"end":{"line":42,"column":126}}},"fnMap":{"0":{"name":"(anonymous_0)","decl":{"start":{"line":8,"column":17},"end":{"line":8,"column":18}},"loc":{"start":{"line":8,"column":32},"end":{"line":61,"column":1}},"line":8},"1":{"name":"(anonymous_1)","decl":{"start":{"line":13,"column":18},"end":{"line":13,"column":19}},"loc":{"start":{"line":13,"column":26},"end":{"line":15,"column":3}},"line":13},"2":{"name":"(anonymous_2)","decl":{"start":{"line":22,"column":19},"end":{"line":22,"column":20}},"loc":{"start":{"line":23,"column":10},"end":{"line":56,"column":16}},"line":23},"3":{"name":"(anonymous_3)","decl":{"start":{"line":42,"column":99},"end":{"line":42,"column":100}},"loc":{"start":{"line":42,"column":103},"end":{"line":42,"column":126}},"line":42}},"branchMap":{"0":{"loc":{"start":{"line":11,"column":2},"end":{"line":11,"column":39}},"type":"if","locations":[{"start":{"line":11,"column":2},"end":{"line":11,"column":39}},{"start":{},"end":{}}],"line":11},"1":{"loc":{"start":{"line":34,"column":17},"end":{"line":36,"column":56}},"type":"cond-expr","locations":[{"start":{"line":35,"column":20},"end":{"line":35,"column":49}},{"start":{"line":36,"column":20},"end":{"line":36,"column":56}}],"line":34},"2":{"loc":{"start":{"line":48,"column":18},"end":{"line":50,"column":24}},"type":"cond-expr","locations":[{"start":{"line":49,"column":22},"end":{"line":49,"column":57}},{"start":{"line":50,"column":22},"end":{"line":50,"column":24}}],"line":48}},"s":{"0":1,"1":2,"2":0,"3":2,"4":2,"5":2,"6":21,"7":1},"f":{"0":2,"1":0,"2":21,"3":1},"b":{"0":[0,2],"1":[21,0],"2":[21,0]},"_coverageSchema":"1a1c01bbd47fc00a2c39e90264f33305004495a9","hash":"accdafebeb2f1f02494f3bde8367a40656238ade"}
,"D:\\React\\Namaste-React\\FoodOrdering-App\\src\\Components\\RestMenu.jsx": {"path":"D:\\React\\Namaste-React\\FoodOrdering-App\\src\\Components\\RestMenu.jsx","statementMap":{"0":{"start":{"line":7,"column":17},"end":{"line":52,"column":1}},"1":{"start":{"line":8,"column":36},"end":{"line":8,"column":50}},"2":{"start":{"line":9,"column":20},"end":{"line":9,"column":31}},"3":{"start":{"line":10,"column":19},"end":{"line":10,"column":37}},"4":{"start":{"line":12,"column":2},"end":{"line":12,"column":44}},"5":{"start":{"line":12,"column":25},"end":{"line":12,"column":44}},"6":{"start":{"line":15,"column":4},"end":{"line":15,"column":40}},"7":{"start":{"line":18,"column":4},"end":{"line":19,"column":12}},"8":{"start":{"line":24,"column":4},"end":{"line":28,"column":5}},"9":{"start":{"line":26,"column":8},"end":{"line":27,"column":70}},"10":{"start":{"line":30,"column":25},"end":{"line":33,"column":5}},"11":{"start":{"line":31,"column":6},"end":{"line":31,"column":72}},"12":{"start":{"line":31,"column":35},"end":{"line":31,"column":69}},"13":{"start":{"line":36,"column":2},"end":{"line":51,"column":4}},"14":{"start":{"line":43,"column":8},"end":{"line":48,"column":10}},"15":{"start":{"line":46,"column":30},"end":{"line":46,"column":49}}},"fnMap":{"0":{"name":"(anonymous_0)","decl":{"start":{"line":7,"column":17},"end":{"line":7,"column":18}},"loc":{"start":{"line":7,"column":23},"end":{"line":52,"column":1}},"line":7},"1":{"name":"(anonymous_1)","decl":{"start":{"line":25,"column":6},"end":{"line":25,"column":7}},"loc":{"start":{"line":26,"column":8},"end":{"line":27,"column":70}},"line":26},"2":{"name":"(anonymous_2)","decl":{"start":{"line":30,"column":25},"end":{"line":30,"column":26}},"loc":{"start":{"line":30,"column":36},"end":{"line":33,"column":5}},"line":30},"3":{"name":"(anonymous_3)","decl":{"start":{"line":31,"column":19},"end":{"line":31,"column":20}},"loc":{"start":{"line":31,"column":35},"end":{"line":31,"column":69}},"line":31},"4":{"name":"(anonymous_4)","decl":{"start":{"line":42,"column":20},"end":{"line":42,"column":21}},"loc":{"start":{"line":43,"column":8},"end":{"line":48,"column":10}},"line":43},"5":{"name":"(anonymous_5)","decl":{"start":{"line":46,"column":24},"end":{"line":46,"column":25}},"loc":{"start":{"line":46,"column":30},"end":{"line":46,"column":49}},"line":46}},"branchMap":{"0":{"loc":{"start":{"line":12,"column":2},"end":{"line":12,"column":44}},"type":"if","locations":[{"start":{"line":12,"column":2},"end":{"line":12,"column":44}},{"start":{},"end":{}}],"line":12},"1":{"loc":{"start":{"line":31,"column":35},"end":{"line":31,"column":69}},"type":"cond-expr","locations":[{"start":{"line":31,"column":57},"end":{"line":31,"column":61}},{"start":{"line":31,"column":64},"end":{"line":31,"column":69}}],"line":31},"2":{"loc":{"start":{"line":47,"column":20},"end":{"line":47,"column":53}},"type":"cond-expr","locations":[{"start":{"line":47,"column":42},"end":{"line":47,"column":46}},{"start":{"line":47,"column":48},"end":{"line":47,"column":53}}],"line":47}},"s":{"0":1,"1":3,"2":3,"3":3,"4":3,"5":1,"6":2,"7":2,"8":2,"9":26,"10":2,"11":1,"12":1,"13":2,"14":20,"15":1},"f":{"0":3,"1":26,"2":1,"3":1,"4":20,"5":1},"b":{"0":[1,2],"1":[0,1],"2":[1,19]},"_coverageSchema":"1a1c01bbd47fc00a2c39e90264f33305004495a9","hash":"f39ecb224d123c91ac4ab312091e8c762a2f499c"}
,"D:\\React\\Namaste-React\\FoodOrdering-App\\src\\Utils\\appStore.js": {"path":"D:\\React\\Namaste-React\\FoodOrdering-App\\src\\Utils\\appStore.js","statementMap":{"0":{"start":{"line":5,"column":17},"end":{"line":9,"column":2}}},"fnMap":{},"branchMap":{},"s":{"0":1},"f":{},"b":{},"_coverageSchema":"1a1c01bbd47fc00a2c39e90264f33305004495a9","hash":"6dcc731423a9d574dbcf03c49ee5dc1c86ed48b5"}
}
