TN:
SF:src\Components\Cart.jsx
FN:5,(anonymous_0)
FN:6,(anonymous_1)
FN:16,(anonymous_2)
FNF:3
FNH:2
FNDA:2,(anonymous_0)
FNDA:4,(anonymous_1)
FNDA:0,(anonymous_2)
DA:5,1
DA:6,4
DA:7,2
DA:9,2
DA:11,1
DA:16,0
LF:6
LH:5
BRDA:9,0,0,1
BRDA:9,0,1,1
BRF:2
BRH:2
end_of_record
TN:
SF:src\Components\Contact.jsx
FN:1,(anonymous_0)
FNF:1
FNH:1
FNDA:4,(anonymous_0)
DA:1,1
DA:2,4
LF:2
LH:2
BRF:0
BRH:0
end_of_record
TN:
SF:src\Components\Header.jsx
FN:9,(anonymous_0)
FN:16,(anonymous_1)
FN:33,(anonymous_2)
FNF:3
FNH:2
FNDA:2,(anonymous_0)
FNDA:4,(anonymous_1)
FNDA:0,(anonymous_2)
DA:9,1
DA:10,2
DA:11,2
DA:12,2
DA:16,4
DA:18,2
DA:34,0
LF:7
LH:6
BRDA:25,0,0,2
BRDA:25,0,1,0
BRDA:34,1,0,0
BRDA:34,1,1,0
BRF:4
BRH:1
end_of_record
TN:
SF:src\Components\ItemList.jsx
FN:8,(anonymous_0)
FN:13,(anonymous_1)
FN:22,(anonymous_2)
FN:42,(anonymous_3)
FNF:4
FNH:3
FNDA:2,(anonymous_0)
FNDA:0,(anonymous_1)
FNDA:21,(anonymous_2)
FNDA:1,(anonymous_3)
DA:8,1
DA:11,2
DA:13,2
DA:16,2
DA:19,2
DA:23,21
DA:42,1
LF:7
LH:7
BRDA:11,0,0,0
BRDA:11,0,1,2
BRDA:34,1,0,21
BRDA:34,1,1,0
BRDA:48,2,0,21
BRDA:48,2,1,0
BRF:6
BRH:3
end_of_record
TN:
SF:src\Components\RestMenu.jsx
FN:7,(anonymous_0)
FN:25,(anonymous_1)
FN:30,(anonymous_2)
FN:31,(anonymous_3)
FN:42,(anonymous_4)
FN:46,(anonymous_5)
FNF:6
FNH:6
FNDA:3,(anonymous_0)
FNDA:26,(anonymous_1)
FNDA:1,(anonymous_2)
FNDA:1,(anonymous_3)
FNDA:20,(anonymous_4)
FNDA:1,(anonymous_5)
DA:7,1
DA:8,3
DA:9,3
DA:10,3
DA:12,3
DA:15,2
DA:18,2
DA:24,2
DA:26,26
DA:30,2
DA:31,1
DA:36,2
DA:43,20
DA:46,1
LF:14
LH:14
BRDA:12,0,0,1
BRDA:12,0,1,2
BRDA:31,1,0,0
BRDA:31,1,1,1
BRDA:47,2,0,1
BRDA:47,2,1,19
BRF:6
BRH:5
end_of_record
TN:
SF:src\Utils\appStore.js
FNF:0
FNH:0
DA:5,1
LF:1
LH:1
BRF:0
BRH:0
end_of_record
