TN:
SF:src\Components\Body.jsx
FN:8,(anonymous_0)
FN:25,(anonymous_1)
FN:29,(anonymous_2)
FN:55,(anonymous_3)
FN:59,(anonymous_4)
FN:60,(anonymous_5)
FN:72,(anonymous_6)
FN:74,(anonymous_7)
FN:86,(anonymous_8)
FN:91,(anonymous_9)
FNF:10
FNH:9
FNDA:7,(anonymous_0)
FNDA:2,(anonymous_1)
FNDA:2,(anonymous_2)
FNDA:1,(anonymous_3)
FNDA:1,(anonymous_4)
FNDA:9,(anonymous_5)
FNDA:1,(anonymous_6)
FNDA:9,(anonymous_7)
FNDA:0,(anonymous_8)
FNDA:32,(anonymous_9)
DA:8,1
DA:11,7
DA:13,7
DA:15,7
DA:19,7
DA:21,7
DA:25,7
DA:26,2
DA:29,7
DA:30,2
DA:31,2
DA:32,2
DA:36,2
DA:44,7
DA:55,1
DA:60,1
DA:61,9
DA:63,1
DA:73,1
DA:74,9
DA:76,1
DA:86,0
DA:92,32
LF:23
LH:22
BRDA:44,0,0,2
BRDA:44,0,1,5
BRDA:93,1,0,0
BRDA:93,1,1,32
BRF:4
BRH:3
end_of_record
TN:
SF:src\Components\RestroCard.jsx
FN:3,(anonymous_0)
FN:35,(anonymous_1)
FN:36,(anonymous_2)
FNF:3
FNH:3
FNDA:34,(anonymous_0)
FNDA:8,(anonymous_1)
FNDA:1,(anonymous_2)
DA:3,2
DA:4,34
DA:6,34
DA:15,34
DA:17,34
DA:19,34
DA:35,2
DA:36,8
DA:37,1
LF:9
LH:9
BRF:0
BRH:0
end_of_record
